c:\users\adam\documents\visual studio 2015\projects\lab 5 skowroński adam\lab 5 skowroński adam\debug\vc140.pdb
c:\users\adam\documents\visual studio 2015\projects\lab 5 skowroński adam\lab 5 skowroński adam\debug\vc140.idb
c:\users\adam\documents\visual studio 2015\projects\lab 5 skowroński adam\lab 5 skowroński adam\debug\grupa.obj
c:\users\adam\documents\visual studio 2015\projects\lab 5 skowroński adam\lab 5 skowroński adam\debug\main.obj
c:\users\adam\documents\visual studio 2015\projects\lab 5 skowroński adam\lab 5 skowroński adam\debug\student.obj
c:\users\adam\documents\visual studio 2015\projects\lab 5 skowroński adam\debug\lab 5 skowroński adam.ilk
c:\users\adam\documents\visual studio 2015\projects\lab 5 skowroński adam\debug\lab 5 skowroński adam.exe
c:\users\adam\documents\visual studio 2015\projects\lab 5 skowroński adam\debug\lab 5 skowroński adam.pdb
c:\users\admin\desktop\lab 5 skowroński adam\lab 5 skowroński adam\debug\grupa.obj
c:\users\admin\desktop\lab 5 skowroński adam\lab 5 skowroński adam\debug\main.obj
c:\users\admin\desktop\lab 5 skowroński adam\lab 5 skowroński adam\debug\student.obj
c:\users\admin\desktop\lab 5 skowroński adam\lab 5 skowroński adam\debug\vc140.idb
c:\users\admin\desktop\lab 5 skowroński adam\lab 5 skowroński adam\debug\vc140.pdb
c:\users\admin\desktop\lab 5 skowroński adam\debug\lab 5 skowroński adam.pdb
c:\users\admin\desktop\lab 5 skowroński adam\debug\lab 5 skowroński adam.exe
c:\users\admin\desktop\lab 5 skowroński adam\debug\lab 5 skowroński adam.ilk
c:\users\admin\desktop\lab 5 skowroński adam\lab 5 skowroński adam\debug\lab 5 sk.3d7bc159.tlog\cl.command.1.tlog
c:\users\admin\desktop\lab 5 skowroński adam\lab 5 skowroński adam\debug\lab 5 sk.3d7bc159.tlog\cl.read.1.tlog
c:\users\admin\desktop\lab 5 skowroński adam\lab 5 skowroński adam\debug\lab 5 sk.3d7bc159.tlog\cl.write.1.tlog
c:\users\admin\desktop\lab 5 skowroński adam\lab 5 skowroński adam\debug\lab 5 sk.3d7bc159.tlog\link.command.1.tlog
c:\users\admin\desktop\lab 5 skowroński adam\lab 5 skowroński adam\debug\lab 5 sk.3d7bc159.tlog\link.read.1.tlog
c:\users\admin\desktop\lab 5 skowroński adam\lab 5 skowroński adam\debug\lab 5 sk.3d7bc159.tlog\link.write.1.tlog
